[32m✓[0m Network app-network already exist
[32m✓[0m Service LogThree already pulled
[32m✓[0m Service LogTen already pulled
deretz/log_ten Port:  0
8080
-1
[32m✓[0m log_three-1 started.
[Container: log_three-1] K2024-12-28 15:22:44,801 - SimpleLogger - INFO - THREE: Log every 3 seconds
[32m✓[0m log_ten-1 started.
[Container: log_ten-1] J2024-12-28 15:22:45,148 - SimpleLogger - INFO - TEN: Log every 10 seconds
[Container: log_three-1] K2024-12-28 15:22:47,801 - SimpleLogger - INFO - THREE: Log every 3 seconds
service_2.yml
[32m✓[0m Service LogFive already pulled
Removing service: LogThree
-1
[32m✓[0m log_five-1 started.
[Container: log_five-1] J2024-12-28 15:22:53,342 - SimpleLogger - INFO - FIVE: Log every 5 seconds
Image Id: latest
Updating services
deretz/log_ten Port:  8080
8081
log_ten-2 unhealthy, retry...
[Container: log_ten-1] J2024-12-28 15:22:55,148 - SimpleLogger - INFO - TEN: Log every 10 seconds
[32m✓[0m log_ten-2 started.
[Container: log_ten-2] J2024-12-28 15:22:56,283 - SimpleLogger - INFO - TEN: Log every 10 seconds
log_ten-2 healthy
[Container: log_five-1] J2024-12-28 15:22:58,342 - SimpleLogger - INFO - FIVE: Log every 5 seconds
Stopping all services...
Stopping all container
Stopping services: LogFive
[Container: log_five-1] J2024-12-28 15:23:03,343 - SimpleLogger - INFO - FIVE: Log every 5 seconds
Stopping services: LogTen
Stopping services: LogThree
Services stopped. Exiting.
